This is e-pTeX, Version 3.1415926-p3.4-110825-2.6 (utf8.euc) (TeX Live 2013) (format=platex 2014.5.20)  1 AUG 2014 08:59
entering extended mode
 restricted \write18 enabled.
 %&-line parsing enabled.
**sw_report_kadai8
(./sw_report_kadai8.tex
pLaTeX2e <2006/11/10> (based on LaTeX2e <2011/06/27> patch level 0)
Babel <3.9f> and hyphenation patterns for 78 languages loaded.
(/usr/local/texlive/2013/texmf-dist/tex/platex/base/jarticle.cls
Document Class: jarticle 2006/06/27 v1.6 Standard pLaTeX class
\c@@paper=\count81
(/usr/local/texlive/2013/texmf-dist/tex/platex/base/jsize12.clo
File: jsize12.clo 2006/06/27 v1.6 Standard pLaTeX file (size option)
)
\c@part=\count82
\c@section=\count83
\c@subsection=\count84
\c@subsubsection=\count85
\c@paragraph=\count86
\c@subparagraph=\count87
\c@figure=\count88
\c@table=\count89
\abovecaptionskip=\skip41
\belowcaptionskip=\skip42
\symmincho=\mathgroup4
LaTeX Font Info:    Overwriting symbol font `mincho' in version `bold'
(Font)                  JY1/mc/m/n --> JY1/gt/m/n on input line 601.
\toclineskip=\dimen118
\@lnumwidth=\dimen119
\bibindent=\dimen120
\heisei=\count90
)
(/usr/local/texlive/2013/texmf-dist/tex/latex/listings/listings.sty
(/usr/local/texlive/2013/texmf-dist/tex/latex/graphics/keyval.sty
Package: keyval 1999/03/16 v1.13 key=value parser (DPC)
\KV@toks@=\toks15
)
\lst@mode=\count91
\lst@gtempboxa=\box41
\lst@token=\toks16
\lst@length=\count92
\lst@currlwidth=\dimen121
\lst@column=\count93
\lst@pos=\count94
\lst@lostspace=\dimen122
\lst@width=\dimen123
\lst@newlines=\count95
\lst@lineno=\count96
\lst@maxwidth=\dimen124

(/usr/local/texlive/2013/texmf-dist/tex/latex/listings/lstmisc.sty
File: lstmisc.sty 2007/02/22 1.4 (Carsten Heinz)
\c@lstnumber=\count97
\lst@skipnumbers=\count98
\lst@framebox=\box42
)
(/usr/local/texlive/2013/texmf-dist/tex/latex/listings/listings.cfg
File: listings.cfg 2007/02/22 1.4 listings configuration
))
Package: listings 2007/02/22 1.4 (Carsten Heinz)

(./sw_report_kadai8.aux)
\openout1 = `sw_report_kadai8.aux'.

LaTeX Font Info:    Checking defaults for OML/cmm/m/it on input line 11.
LaTeX Font Info:    ... okay on input line 11.
LaTeX Font Info:    Checking defaults for T1/cmr/m/n on input line 11.
LaTeX Font Info:    ... okay on input line 11.
LaTeX Font Info:    Checking defaults for OT1/cmr/m/n on input line 11.
LaTeX Font Info:    ... okay on input line 11.
LaTeX Font Info:    Checking defaults for OMS/cmsy/m/n on input line 11.
LaTeX Font Info:    ... okay on input line 11.
LaTeX Font Info:    Checking defaults for OMX/cmex/m/n on input line 11.
LaTeX Font Info:    ... okay on input line 11.
LaTeX Font Info:    Checking defaults for U/cmr/m/n on input line 11.
LaTeX Font Info:    ... okay on input line 11.
LaTeX Font Info:    Checking defaults for JY1/mc/m/n on input line 11.
LaTeX Font Info:    ... okay on input line 11.
LaTeX Font Info:    Checking defaults for JT1/mc/m/n on input line 11.
LaTeX Font Info:    ... okay on input line 11.
\c@lstlisting=\count99
LaTeX Font Info:    External font `cmex10' loaded for size
(Font)              <14.4> on input line 12.
LaTeX Font Info:    External font `cmex10' loaded for size
(Font)              <7> on input line 12.
LaTeX Font Info:    Font shape `JT1/mc/bx/n' in size <17.28> not available
(Font)              Font shape `JT1/gt/m/n' tried instead on input line 14.
LaTeX Font Info:    Font shape `JY1/mc/bx/n' in size <17.28> not available
(Font)              Font shape `JY1/gt/m/n' tried instead on input line 14.
LaTeX Font Info:    Font shape `JT1/mc/bx/n' in size <14.4> not available
(Font)              Font shape `JT1/gt/m/n' tried instead on input line 17.
LaTeX Font Info:    Font shape `JY1/mc/bx/n' in size <14.4> not available
(Font)              Font shape `JY1/gt/m/n' tried instead on input line 17.
LaTeX Font Info:    Font shape `JT1/mc/bx/n' in size <12> not available
(Font)              Font shape `JT1/gt/m/n' tried instead on input line 35.
LaTeX Font Info:    Font shape `JY1/mc/bx/n' in size <12> not available
(Font)              Font shape `JY1/gt/m/n' tried instead on input line 35.
 [1

]
Overfull \hbox (32.24629pt too wide) in paragraph at lines 44--48
[]\OT1/cmr/m/n/12 kadai8.h \JY1/mc/m/n/12 は構造体を定義する具体的には \OT1/cmr
/m/n/12 c(constant node),tk(token node),tp(4-
 []

[2]
LaTeX Font Info:    Try loading font information for OMS+cmr on input line 63.
 (/usr/local/texlive/2013/texmf-dist/tex/latex/base/omscmr.fd
File: omscmr.fd 1999/05/25 v2.5h Standard LaTeX font definitions
)
LaTeX Font Info:    Font shape `OMS/cmr/m/n' in size <12> not available
(Font)              Font shape `OMS/cmsy/m/n' tried instead on input line 63.

Overfull \hbox (23.7558pt too wide) in paragraph at lines 64--65
[]\JY1/mc/m/n/12 パラメ ータ宣言を解析する \OT1/cmr/m/n/12 make[]parm[]decl \JY
1/mc/m/n/12 関数は \OT1/cmr/m/n/12 pa-ram-e-ter[]declaration
 []

[3]
Overfull \hbox (788.90057pt too wide) in paragraph at lines 91--91
[]\OT1/cmtt/m/n/12 a0129169@ws39:~/le3sw/kadai8/final_report$ bison -d kadai8.y
 &&  flex kadai8.l && gcc -Wall -o tcc kadai8.tab.c lex.yy.c kadai8_semantic_an
alyser.c  kadai8_print.c kadai8_code_generation.c[] 
 []


Overfull \hbox (173.71321pt too wide) in paragraph at lines 91--91
[]\OT1/cmtt/m/n/12 a0129169@ws39:~/le3sw/kadai8/final_report$  ./tcc  < label.t
c >label.asm1: warning:  \JY1/mc/m/n/12 ‘ \OT1/cmtt/m/n/12 chk \JY1/mc/m/n/12 
’
 []


Overfull \hbox (251.67531pt too wide) in paragraph at lines 91--91
[]\OT1/cmtt/m/n/12 a0129169@ws39:~/le3sw/kadai8/final_report$ nasm -f elf label
.asm && gcc -m32 -o label label.o c_fun.c[] 
 []

[4] [5]
Overfull \hbox (49.46472pt too wide) in paragraph at lines 142--144
[]\JY1/mc/m/n/12 課題７から変更があ っ た \OT1/cmr/m/n/12 kadai8[]semantic[]ana
lyser.c \JY1/mc/m/n/12 と \OT1/cmr/m/n/12 kadai8[]semantic[]analyser.c
 []

(./kadai8_semantic_analyser.c
LaTeX Font Info:    Try loading font information for OML+cmr on input line 1.

(/usr/local/texlive/2013/texmf-dist/tex/latex/base/omlcmr.fd
File: omlcmr.fd 1999/05/25 v2.5h Standard LaTeX font definitions
)
LaTeX Font Info:    Font shape `OML/cmr/m/n' in size <10.95> not available
(Font)              Font shape `OML/cmm/m/it' tried instead on input line 1.
LaTeX Font Info:    Font shape `OMS/cmr/m/n' in size <10.95> not available
(Font)              Font shape `OMS/cmsy/m/n' tried instead on input line 27.
LaTeX Font Info:    External font `cmex10' loaded for size
(Font)              <10.95> on input line 28.
LaTeX Font Info:    External font `cmex10' loaded for size
(Font)              <8> on input line 28.
LaTeX Font Info:    External font `cmex10' loaded for size
(Font)              <6> on input line 28.

Overfull \hbox (133.89526pt too wide) in paragraph at lines 31--32
[][][][][][][][][][][][][][][][][][][][][] 
 []

[6] [7]
Overfull \hbox (82.50989pt too wide) in paragraph at lines 102--103
[][][][][] \JY1/mc/m/n/10.95 ‘ [] ’ [][][][][][][][][][][][][][][][][][][][] 

 []


Overfull \hbox (43.08948pt too wide) in paragraph at lines 110--111
[][][][][][][][][][] \JY1/mc/m/n/10.95 ‘ [] ’ [][][][][][][][][][][][][][][] 

 []

[8]
Overfull \hbox (101.04492pt too wide) in paragraph at lines 128--129
[][][][][][][][][][][][][][][][][][][][][][][][][][][][][][][][][] 
 []

[9]
Overfull \hbox (120.75513pt too wide) in paragraph at lines 179--181
[][][][][][][][][][][][][][][][][][][][][][][][][][][][][][][] 
 []

[10]
Overfull \hbox (148.21057pt too wide) in paragraph at lines 206--207
[][][][][][][][] \JY1/mc/m/n/10.95 ‘ [] ’ [][][][][][][][][][][][][][][][][][
][][][][][][][][] 
 []


Overfull \hbox (89.07996pt too wide) in paragraph at lines 209--210
[][][][][] \JY1/mc/m/n/10.95 ‘ [] ’ [][][][][][][][][][][][][][][][][][][][][
][] 
 []


Overfull \hbox (10.23914pt too wide) in paragraph at lines 221--222
[][][][][][][][] \JY1/mc/m/n/10.95 ‘ [] ’ [][][][][][][][][][][][][][][][][] 

 []


Overfull \hbox (882.88306pt too wide) in paragraph at lines 241--242
[][][][][][][][][][][][][][][][][][][][][][][][][][][][][][][][][][][][][][][][
][][][][][][][][][][][][][][][][][][][][][][][][][][][][][][][][][][][][][][][]
[][][][][][] 
 []


Overfull \hbox (646.3606pt too wide) in paragraph at lines 242--243
[][][][][][][][][][][][][][][][][][][][][][][][][][][][][][][][][][][][][][][][
][][][][][][][][][][][][][][][][][][][][][][][][][][][][][][][][][][][] 
 []

[11]
Overfull \hbox (344.13745pt too wide) in paragraph at lines 270--271
[][][][][][][][][][][][][][][][][][][][][][][][][][][][][][][][][][][][][][][][
][][][][][] 
 []

[12]
Overfull \hbox (9.06396pt too wide) in paragraph at lines 295--296
[][][][][][][][][][][][][][][][][][][][][][][] 
 []


Overfull \hbox (28.77417pt too wide) in paragraph at lines 300--301
[][][][][][][][][][][][][][]
 []

[13]
Overfull \hbox (0.34967pt too wide) in paragraph at lines 345--346
[][][][][][][][][][][][][]\JY1/mc/m/n/10.95 同名のオブジ ェ クトがあ
 []


Overfull \hbox (107.61499pt too wide) in paragraph at lines 346--347
[][][][][][][][][][][][][][][][][][][][][][][][][][][] 
 []


Overfull \hbox (370.41772pt too wide) in paragraph at lines 349--350
[][][][][][][][][][][][][][][][][][][][][][][][][][][][][][][][][][][][][][][][
][][][][] 
 []

[14]
Overfull \hbox (18.50256pt too wide) in paragraph at lines 370--371
[][][][]\JY1/mc/m/n/10.95 呼び出されたということはスタ ッ クに積むことがきま っ
 た事後[] 
 []


Overfull \hbox (10.28857pt too wide) in paragraph at lines 383--385
[][][][][][][][][][][][][][][]\JY1/mc/m/n/10.95 のとする[] 
 []


Overfull \hbox (68.19458pt too wide) in paragraph at lines 386--387
[][][][][][][][][][][][][][][][][][][][][][][][][][][][][][][][][][] 
 []


Overfull \hbox (90.354pt too wide) in paragraph at lines 389--390
[][][][][][][][][][][][][]\JY1/mc/m/n/10.95 関数[]はで定義する[] 
 []


Overfull \hbox (15.63403pt too wide) in paragraph at lines 406--407
[][][][][][][][][][][][][][][][][][][][][][][][][][][][][][] 
 []

[15]) (./kadai8_code_generation.c
Overfull \hbox (55.05444pt too wide) in paragraph at lines 27--28
[][][][][][][][][][][][][][][][][][][][][][][][][][][][][][][][][] 
 []

[16]
Overfull \hbox (35.34424pt too wide) in paragraph at lines 29--32
[][][][][][][][][][][][][][][][][][][][][][][][][][][] 
 []


Overfull \hbox (35.34424pt too wide) in paragraph at lines 49--50
[][][][][][][][][][][][][][][][][][][][][][][][][][][][][][][][][][][][][][] 
 []

[17]
Overfull \hbox (71.36841pt too wide) in paragraph at lines 97--98
[][][][][][][][][]\JY1/mc/m/n/10.95 文字列配列[]の後ろにを連結[][]
 []


Overfull \hbox (9.06396pt too wide) in paragraph at lines 110--111
[][][][][][][][][][][][][][][][][][][][][][][][][][][][][][][] 
 []

[18]
Overfull \hbox (94.47485pt too wide) in paragraph at lines 111--112
[][][][][][][][][][][][][][][][][][][][][][][][][][][][][][][][][][][] 
 []


Overfull \hbox (87.90479pt too wide) in paragraph at lines 112--113
[][][][][][][][][][][][][][][][][][][][][][][][][][][][][][][][][][][] 
 []


Overfull \hbox (114.18506pt too wide) in paragraph at lines 140--141
[][][][][][][][][][][][][][][][][][][][][][][][] 
 []

[19] [20]
Overfull \hbox (153.60547pt too wide) in paragraph at lines 213--215
[][][][][][][][][][][][][][][][][][][] 
 []


Overfull \hbox (24.67249pt too wide) in paragraph at lines 236--237
[][][][][]\JY1/mc/m/n/10.95 は最後にわりあてられまだ開放されていない局所変数の
相対番地[] 
 []

[21] [22] [23] [24] [25] [26] [27] [28] [29] [30] [31] [32] [33] [34] [35]
[36]
Overfull \hbox (317.85718pt too wide) in paragraph at lines 889--890
[][][][][][][][][][][][][][][][][][][][][][][][][][][][][][][][][][][] 
 []


Overfull \hbox (74.76465pt too wide) in paragraph at lines 897--898
[][][][][][][][][][][][][][][][][][][][] 
 []


Overfull \hbox (3.3562pt too wide) in paragraph at lines 899--900
[][][][][][][][][][][][][][][][][][][][][][][][][]\JY1/mc/m/n/10.95 引数
 []


Overfull \hbox (74.76465pt too wide) in paragraph at lines 919--920
[][][][][][][][][][][][][][][][][][][][] 
 []

[37]
Overfull \hbox (81.33472pt too wide) in paragraph at lines 937--938
[][][][][][][][][][][][][][][][][][][][][][] 
 []

[38]
Overfull \hbox (68.19458pt too wide) in paragraph at lines 998--999
[][][][][][][][][][][][][][][][][][] 
 []


Overfull \hbox (74.76465pt too wide) in paragraph at lines 1005--1007
[][][][][][][][][][][][][][][][][][][][] 
 []

) [39] [40] (./sw_report_kadai8.aux) ) 
Here is how much of TeX's memory you used:
 1566 strings out of 494008
 22155 string characters out of 6154472
 105387 words of memory out of 5000000
 5064 multiletter control sequences out of 15000+600000
 16748 words of font info for 65 fonts, out of 8000000 for 9000
 745 hyphenation exceptions out of 8191
 31i,6n,32p,535b,1520s stack positions out of 5000i,500n,10000p,200000b,80000s

Output written on sw_report_kadai8.dvi (40 pages, 171780 bytes).
